{"/Users/yuanzhijia/Desktop/web3-education-interface/src/count.ts": {"path":"/Users/yuanzhijia/Desktop/web3-education-interface/src/count.ts","statementMap":{"0":{"start":{"line":9,"column":9},"end":{"line":9,"column":null}},"1":{"start":{"line":2,"column":2},"end":{"line":6,"column":3}},"2":{"start":{"line":3,"column":4},"end":{"line":3,"column":null}},"3":{"start":{"line":5,"column":4},"end":{"line":5,"column":null}}},"fnMap":{"0":{"name":"(anonymous_0)","decl":{"start":{"line":9,"column":9},"end":{"line":9,"column":null}},"loc":{"start":{"line":9,"column":9},"end":{"line":9,"column":null}}},"1":{"name":"sum","decl":{"start":{"line":1,"column":9},"end":{"line":1,"column":13}},"loc":{"start":{"line":1,"column":35},"end":{"line":7,"column":null}}}},"branchMap":{"0":{"loc":{"start":{"line":2,"column":2},"end":{"line":6,"column":3}},"type":"if","locations":[{"start":{"line":2,"column":2},"end":{"line":6,"column":3}},{"start":{"line":4,"column":9},"end":{"line":6,"column":3}}]}},"s":{"0":1,"1":1,"2":0,"3":1},"f":{"0":1,"1":1},"b":{"0":[0,1]}}
}
